0 info it worked if it ends with ok
1 verbose cli [ '/usr/local/bin/node', '/usr/local/bin/npm', 'start' ]
2 info using npm@3.10.9
3 info using node@v7.0.0
4 verbose run-script [ 'prestart', 'start', 'poststart' ]
5 info lifecycle Ng1Ng2Upgrade@1.0.0~prestart: Ng1Ng2Upgrade@1.0.0
6 silly lifecycle Ng1Ng2Upgrade@1.0.0~prestart: no script for prestart, continuing
7 info lifecycle Ng1Ng2Upgrade@1.0.0~start: Ng1Ng2Upgrade@1.0.0
8 verbose lifecycle Ng1Ng2Upgrade@1.0.0~start: unsafe-perm in lifecycle true
9 verbose lifecycle Ng1Ng2Upgrade@1.0.0~start: PATH: /usr/local/lib/node_modules/npm/bin/node-gyp-bin:/Users/ashik/WebstormProjects/ng1ng2router/node_modules/.bin:/Library/Java/JavaVirtualMachines/jdk1.8.0_60.jdk/Contents/Home/bin:/Users/ashik/Packages/apache-maven-3.2.3/bin:/usr/local/bin:/Users/ashik/.rvm/gems/ruby-2.2.1/bin:/Users/ashik/.rvm/gems/ruby-2.2.1@global/bin:/Users/ashik/.rvm/rubies/ruby-2.2.1/bin:/usr/local/opt/coreutils/libexec/gnubin:/usr/local/bin:/usr/bin:/bin:/usr/sbin:/sbin:/Users/ashik/.rvm/bin
10 verbose lifecycle Ng1Ng2Upgrade@1.0.0~start: CWD: /Users/ashik/WebstormProjects/ng1ng2router
11 silly lifecycle Ng1Ng2Upgrade@1.0.0~start: Args: [ '-c', 'webpack-dev-server' ]
12 silly lifecycle Ng1Ng2Upgrade@1.0.0~start: Returned: code: 1  signal: null
13 info lifecycle Ng1Ng2Upgrade@1.0.0~start: Failed to exec start script
14 verbose stack Error: Ng1Ng2Upgrade@1.0.0 start: `webpack-dev-server`
14 verbose stack Exit status 1
14 verbose stack     at EventEmitter.<anonymous> (/usr/local/lib/node_modules/npm/lib/utils/lifecycle.js:255:16)
14 verbose stack     at emitTwo (events.js:106:13)
14 verbose stack     at EventEmitter.emit (events.js:191:7)
14 verbose stack     at ChildProcess.<anonymous> (/usr/local/lib/node_modules/npm/lib/utils/spawn.js:40:14)
14 verbose stack     at emitTwo (events.js:106:13)
14 verbose stack     at ChildProcess.emit (events.js:191:7)
14 verbose stack     at maybeClose (internal/child_process.js:877:16)
14 verbose stack     at Process.ChildProcess._handle.onexit (internal/child_process.js:226:5)
15 verbose pkgid Ng1Ng2Upgrade@1.0.0
16 verbose cwd /Users/ashik/WebstormProjects/ng1ng2router
17 error Darwin 16.0.0
18 error argv "/usr/local/bin/node" "/usr/local/bin/npm" "start"
19 error node v7.0.0
20 error npm  v3.10.9
21 error code ELIFECYCLE
22 error Ng1Ng2Upgrade@1.0.0 start: `webpack-dev-server`
22 error Exit status 1
23 error Failed at the Ng1Ng2Upgrade@1.0.0 start script 'webpack-dev-server'.
23 error Make sure you have the latest version of node.js and npm installed.
23 error If you do, this is most likely a problem with the Ng1Ng2Upgrade package,
23 error not with npm itself.
23 error Tell the author that this fails on your system:
23 error     webpack-dev-server
23 error You can get information on how to open an issue for this project with:
23 error     npm bugs Ng1Ng2Upgrade
23 error Or if that isn't available, you can get their info via:
23 error     npm owner ls Ng1Ng2Upgrade
23 error There is likely additional logging output above.
24 verbose exit [ 1, true ]
